Loading file
No grandparents present in family F
Number of individuals = 188
Number of families = 1
processed 100000 lines
File loaded with 131718 SNPs
Number of individuals = 188 excluding grandparents
Number of families = 1
Number of markers = 24512
Setting dataScale to 0.007588120104438642 all likelihoods will be multiplied by 131.78494623655914
logL = -847962.9726068482
number of recombinations = 228.0 logL = -847962.9726068482
Individual	F	RhM12	recombines	1	times
Individual	F	RhM13	recombines	1	times
Individual	F	RhM14	recombines	1	times
Individual	F	RhM15	recombines	1	times
Individual	F	RhM17	recombines	1	times
Individual	F	RhF17	recombines	1	times
Individual	F	RhF18	recombines	2	times
Individual	F	RhM19	recombines	1	times
Individual	F	RhF19	recombines	2	times
Individual	F	RhF20	recombines	1	times
Individual	F	RhF21	recombines	3	times
Individual	F	RhM22	recombines	1	times
Individual	F	RhM23	recombines	2	times
Individual	F	RhM24	recombines	1	times
Individual	F	RhF22	recombines	1	times
Individual	F	RhF23	recombines	2	times
Individual	F	RhF24	recombines	1	times
Individual	F	RhF25	recombines	2	times
Individual	F	RhF26	recombines	1	times
Individual	F	RhF27	recombines	2	times
Individual	F	RhF28	recombines	3	times
Individual	F	RhM26	recombines	2	times
Individual	F	RhF29	recombines	3	times
Individual	F	RhF30	recombines	2	times
Individual	F	RhM27	recombines	2	times
Individual	F	RhF31	recombines	1	times
Individual	F	RhF32	recombines	1	times
Individual	F	RhF33	recombines	3	times
Individual	F	RhF35	recombines	3	times
Individual	F	RhM28	recombines	3	times
Individual	F	RhM30	recombines	2	times
Individual	F	RhF37	recombines	1	times
Individual	F	RhF39	recombines	2	times
Individual	F	RhM31	recombines	1	times
Individual	F	RhF40	recombines	1	times
Individual	F	RhF41	recombines	1	times
Individual	F	RhF42	recombines	2	times
Individual	F	RhM32	recombines	1	times
Individual	F	RhF43	recombines	2	times
Individual	F	RhM34	recombines	2	times
Individual	F	RhM35	recombines	1	times
Individual	F	RhF44	recombines	1	times
Individual	F	RhM36	recombines	2	times
Individual	F	RhM37	recombines	1	times
Individual	F	RhM38	recombines	2	times
Individual	F	RhM39	recombines	1	times
Individual	F	RhF45	recombines	3	times
Individual	F	RhF46	recombines	1	times
Individual	F	RhF47	recombines	2	times
Individual	F	RhF48	recombines	1	times
Individual	F	RhF1	recombines	3	times
Individual	F	RhF2	recombines	1	times
Individual	F	RhF4	recombines	2	times
Individual	F	RhM2	recombines	1	times
Individual	F	RhM3	recombines	1	times
Individual	F	RhF5	recombines	1	times
Individual	F	RhF6	recombines	1	times
Individual	F	RhM4	recombines	1	times
Individual	F	RhF7	recombines	2	times
Individual	F	RhF8	recombines	1	times
Individual	F	RhF9	recombines	2	times
Individual	F	RhF10	recombines	2	times
Individual	F	RhM6	recombines	2	times
Individual	F	RhF12	recombines	1	times
Individual	F	RhM7	recombines	1	times
Individual	F	RhM8	recombines	2	times
Individual	F	RhF13	recombines	1	times
Individual	F	RhF14	recombines	2	times
Individual	F	RhM9	recombines	2	times
Individual	F	RhF15	recombines	2	times
Individual	F	RhM43	recombines	1	times
Individual	F	RhM44	recombines	1	times
Individual	F	RhM45	recombines	2	times
Individual	F	RhM46	recombines	1	times
Individual	F	RhM47	recombines	2	times
Individual	F	RhF51	recombines	1	times
Individual	F	RhF52	recombines	1	times
Individual	F	RhM48	recombines	3	times
Individual	F	RhM49	recombines	1	times
Individual	F	RhM50	recombines	1	times
Individual	F	RhM51	recombines	1	times
Individual	F	RhM11	recombines	1	times
Individual	F	RhF57	recombines	1	times
Individual	F	RhF63	recombines	2	times
Individual	F	RhF68	recombines	2	times
Individual	F	RhM64	recombines	2	times
Individual	F	RhF76	recombines	1	times
Individual	F	RhF81	recombines	1	times
Individual	F	RhM75	recombines	2	times
Individual	F	RhF91	recombines	1	times
Individual	F	RhF96	recombines	2	times
Individual	F	RhF101	recombines	1	times
Individual	F	RhF58	recombines	3	times
Individual	F	RhM58	recombines	2	times
Individual	F	RhM61	recombines	1	times
Individual	F	RhM65	recombines	1	times
Individual	F	RhF92	recombines	1	times
Individual	F	RhM81	recombines	1	times
Individual	F	RhM84	recombines	1	times
Individual	F	RhM52	recombines	2	times
Individual	F	RhF64	recombines	2	times
Individual	F	RhM62	recombines	2	times
Individual	F	RhF82	recombines	2	times
Individual	F	RhF86	recombines	1	times
Individual	F	RhF93	recombines	2	times
Individual	F	RhF97	recombines	1	times
Individual	F	RhF65	recombines	1	times
Individual	F	RhF69	recombines	1	times
Individual	F	RhF74	recombines	1	times
Individual	F	RhM73	recombines	2	times
Individual	F	RhF87	recombines	1	times
Individual	F	RhM82	recombines	1	times
Individual	F	RhM53	recombines	3	times
Individual	F	RhM57	recombines	1	times
Individual	F	RhM63	recombines	1	times
Individual	F	RhF79	recombines	3	times
Individual	F	RhM77	recombines	2	times
Individual	F	RhM79	recombines	2	times
Individual	F	RhM54	recombines	2	times
Individual	F	RhF60	recombines	1	times
Individual	F	RhM59	recombines	3	times
Individual	F	RhF70	recombines	2	times
Individual	F	RhF75	recombines	2	times
Individual	F	RhF83	recombines	2	times
Individual	F	RhF88	recombines	1	times
Individual	F	RhF94	recombines	2	times
Individual	F	RhF55	recombines	2	times
Individual	F	RhF67	recombines	1	times
Individual	F	RhM67	recombines	2	times
Individual	F	RhF80	recombines	1	times
Individual	F	RhF84	recombines	2	times
Individual	F	RhM80	recombines	3	times
Individual	F	RhF99	recombines	2	times
Individual	F	RhM18	recombines	1	times
Individual	F	RhF56	recombines	3	times
Individual	F	RhF62	recombines	3	times
Individual	F	RhM60	recombines	1	times
Individual	F	RhF72	recombines	1	times
Individual	F	RhM71	recombines	1	times
Individual	F	RhF85	recombines	1	times
Individual	F	RhF90	recombines	2	times
Individual	F	RhF95	recombines	2	times
Individual	F	RhM55	recombines	1	times
