Loading file
No grandparents present in family F
Number of individuals = 188
Number of families = 1
processed 100000 lines
File loaded with 131718 SNPs
Number of individuals = 188 excluding grandparents
Number of families = 1
Number of markers = 19444
Setting dataScale to 0.009565932935609957 all likelihoods will be multiplied by 104.53763440860214
logL = -1091263.3416543591
number of recombinations = 294.0 logL = -1091263.3416543591
Individual	F	RhM13	recombines	1	times
Individual	F	RhM14	recombines	2	times
Individual	F	RhM15	recombines	1	times
Individual	F	RhM16	recombines	2	times
Individual	F	RhM17	recombines	2	times
Individual	F	RhF17	recombines	2	times
Individual	F	RhF18	recombines	1	times
Individual	F	RhM19	recombines	1	times
Individual	F	RhM20	recombines	2	times
Individual	F	RhF19	recombines	2	times
Individual	F	RhF20	recombines	2	times
Individual	F	RhF21	recombines	1	times
Individual	F	RhM22	recombines	1	times
Individual	F	RhM23	recombines	2	times
Individual	F	RhM24	recombines	2	times
Individual	F	RhF22	recombines	1	times
Individual	F	RhM25	recombines	2	times
Individual	F	RhF23	recombines	4	times
Individual	F	RhF24	recombines	2	times
Individual	F	RhF25	recombines	1	times
Individual	F	RhF26	recombines	2	times
Individual	F	RhF27	recombines	2	times
Individual	F	RhF28	recombines	2	times
Individual	F	RhM26	recombines	1	times
Individual	F	RhF29	recombines	2	times
Individual	F	RhF30	recombines	1	times
Individual	F	RhM27	recombines	2	times
Individual	F	RhF32	recombines	2	times
Individual	F	RhF33	recombines	2	times
Individual	F	RhF34	recombines	2	times
Individual	F	RhF35	recombines	2	times
Individual	F	RhF36	recombines	3	times
Individual	F	RhM28	recombines	1	times
Individual	F	RhM29	recombines	2	times
Individual	F	RhM30	recombines	2	times
Individual	F	RhF37	recombines	2	times
Individual	F	RhF38	recombines	2	times
Individual	F	RhF39	recombines	2	times
Individual	F	RhM31	recombines	1	times
Individual	F	RhF40	recombines	2	times
Individual	F	RhF41	recombines	3	times
Individual	F	RhF42	recombines	1	times
Individual	F	RhM32	recombines	1	times
Individual	F	RhM33	recombines	2	times
Individual	F	RhF43	recombines	4	times
Individual	F	RhM34	recombines	4	times
Individual	F	RhM35	recombines	2	times
Individual	F	RhF44	recombines	1	times
Individual	F	RhM36	recombines	2	times
Individual	F	RhM37	recombines	2	times
Individual	F	RhM38	recombines	1	times
Individual	F	RhM39	recombines	1	times
Individual	F	RhF45	recombines	1	times
Individual	F	RhM40	recombines	1	times
Individual	F	RhF46	recombines	2	times
Individual	F	RhF48	recombines	1	times
Individual	F	RhF1	recombines	2	times
Individual	F	RhF3	recombines	2	times
Individual	F	RhF4	recombines	1	times
Individual	F	RhM1	recombines	1	times
Individual	F	RhF5	recombines	2	times
Individual	F	RhF6	recombines	2	times
Individual	F	RhM4	recombines	2	times
Individual	F	RhF7	recombines	3	times
Individual	F	RhM5	recombines	2	times
Individual	F	RhF8	recombines	2	times
Individual	F	RhF9	recombines	2	times
Individual	F	RhF10	recombines	2	times
Individual	F	RhF11	recombines	1	times
Individual	F	RhF12	recombines	2	times
Individual	F	RhM7	recombines	2	times
Individual	F	RhM8	recombines	2	times
Individual	F	RhF13	recombines	2	times
Individual	F	RhF14	recombines	1	times
Individual	F	RhM9	recombines	2	times
Individual	F	RhF15	recombines	1	times
Individual	F	RhF49	recombines	2	times
Individual	F	RhM42	recombines	1	times
Individual	F	RhM43	recombines	1	times
Individual	F	RhM44	recombines	1	times
Individual	F	RhF50	recombines	2	times
Individual	F	RhM46	recombines	2	times
Individual	F	RhM47	recombines	2	times
Individual	F	RhF51	recombines	2	times
Individual	F	RhF52	recombines	2	times
Individual	F	RhM48	recombines	2	times
Individual	F	RhM49	recombines	2	times
Individual	F	RhF53	recombines	2	times
Individual	F	RhM50	recombines	2	times
Individual	F	RhM51	recombines	2	times
Individual	F	RhM10	recombines	2	times
Individual	F	RhF16	recombines	2	times
Individual	F	RhM11	recombines	1	times
Individual	F	RhF57	recombines	1	times
Individual	F	RhF63	recombines	2	times
Individual	F	RhF68	recombines	1	times
Individual	F	RhM64	recombines	2	times
Individual	F	RhF76	recombines	4	times
Individual	F	RhF81	recombines	2	times
Individual	F	RhM75	recombines	2	times
Individual	F	RhF91	recombines	2	times
Individual	F	RhF96	recombines	2	times
Individual	F	RhF101	recombines	2	times
Individual	F	RhF58	recombines	2	times
Individual	F	RhM58	recombines	2	times
Individual	F	RhM61	recombines	1	times
Individual	F	RhM65	recombines	2	times
Individual	F	RhF77	recombines	2	times
Individual	F	RhM72	recombines	1	times
Individual	F	RhM76	recombines	2	times
Individual	F	RhF92	recombines	2	times
Individual	F	RhM81	recombines	2	times
Individual	F	RhM84	recombines	2	times
Individual	F	RhM52	recombines	2	times
Individual	F	RhF59	recombines	2	times
Individual	F	RhF64	recombines	2	times
Individual	F	RhM62	recombines	1	times
Individual	F	RhF73	recombines	2	times
Individual	F	RhF78	recombines	1	times
Individual	F	RhF82	recombines	1	times
Individual	F	RhF86	recombines	1	times
Individual	F	RhF93	recombines	2	times
Individual	F	RhF97	recombines	4	times
Individual	F	RhF102	recombines	2	times
Individual	F	RhF54	recombines	1	times
Individual	F	RhM56	recombines	1	times
Individual	F	RhF65	recombines	1	times
Individual	F	RhF74	recombines	1	times
Individual	F	RhM69	recombines	1	times
Individual	F	RhM73	recombines	1	times
Individual	F	RhF87	recombines	1	times
Individual	F	RhM78	recombines	2	times
Individual	F	RhM82	recombines	1	times
Individual	F	RhM53	recombines	2	times
Individual	F	RhM57	recombines	1	times
Individual	F	RhM63	recombines	1	times
Individual	F	RhM66	recombines	1	times
Individual	F	RhF79	recombines	1	times
Individual	F	RhM74	recombines	2	times
Individual	F	RhM77	recombines	2	times
Individual	F	RhM79	recombines	1	times
Individual	F	RhM54	recombines	1	times
Individual	F	RhF60	recombines	2	times
Individual	F	RhM59	recombines	2	times
Individual	F	RhF70	recombines	2	times
Individual	F	RhM70	recombines	1	times
Individual	F	RhF83	recombines	2	times
Individual	F	RhF88	recombines	1	times
Individual	F	RhF94	recombines	2	times
Individual	F	RhM83	recombines	2	times
Individual	F	RhF55	recombines	1	times
Individual	F	RhF61	recombines	1	times
Individual	F	RhF67	recombines	2	times
Individual	F	RhF71	recombines	2	times
Individual	F	RhM67	recombines	2	times
Individual	F	RhF80	recombines	2	times
Individual	F	RhF84	recombines	2	times
Individual	F	RhF89	recombines	1	times
Individual	F	RhM80	recombines	2	times
Individual	F	RhF99	recombines	2	times
Individual	F	RhM18	recombines	2	times
Individual	F	RhF56	recombines	4	times
Individual	F	RhF62	recombines	2	times
Individual	F	RhF72	recombines	1	times
Individual	F	RhM68	recombines	2	times
Individual	F	RhF85	recombines	2	times
Individual	F	RhF90	recombines	1	times
Individual	F	RhF95	recombines	1	times
Individual	F	RhM55	recombines	2	times
